{"/Users/macos/Downloads/udacity-employee-polls/src/App.js": {"path":"/Users/macos/Downloads/udacity-employee-polls/src/App.js","statementMap":{"0":{"start":{"line":17,"column":4},"end":{"line":19,"column":7}},"1":{"start":{"line":18,"column":8},"end":{"line":18,"column":32}},"2":{"start":{"line":21,"column":4},"end":{"line":34,"column":6}},"3":{"start":{"line":37,"column":24},"end":{"line":39,"column":2}},"4":{"start":{"line":37,"column":43},"end":{"line":39,"column":1}}},"fnMap":{"0":{"name":"App","decl":{"start":{"line":16,"column":9},"end":{"line":16,"column":12}},"loc":{"start":{"line":16,"column":35},"end":{"line":35,"column":1}},"line":16},"1":{"name":"(anonymous_1)","decl":{"start":{"line":17,"column":14},"end":{"line":17,"column":15}},"loc":{"start":{"line":17,"column":20},"end":{"line":19,"column":5}},"line":17},"2":{"name":"(anonymous_2)","decl":{"start":{"line":37,"column":24},"end":{"line":37,"column":25}},"loc":{"start":{"line":37,"column":43},"end":{"line":39,"column":1}},"line":37}},"branchMap":{"0":{"loc":{"start":{"line":23,"column":13},"end":{"line":23,"column":31}},"type":"binary-expr","locations":[{"start":{"line":23,"column":13},"end":{"line":23,"column":21}},{"start":{"line":23,"column":25},"end":{"line":23,"column":31}}],"line":23}},"s":{"0":3,"1":3,"2":3,"3":1,"4":3},"f":{"0":3,"1":3,"2":3},"b":{"0":[3,1]},"_coverageSchema":"1a1c01bbd47fc00a2c39e90264f33305004495a9","hash":"8db48591ed8a9c732237211e9d8aa0d749014a73"}
,"/Users/macos/Downloads/udacity-employee-polls/src/index.js": {"path":"/Users/macos/Downloads/udacity-employee-polls/src/index.js","statementMap":{"0":{"start":{"line":9,"column":18},"end":{"line":9,"column":49}},"1":{"start":{"line":10,"column":13},"end":{"line":10,"column":34}},"2":{"start":{"line":12,"column":0},"end":{"line":18,"column":2}}},"fnMap":{},"branchMap":{},"s":{"0":0,"1":0,"2":0},"f":{},"b":{}}
,"/Users/macos/Downloads/udacity-employee-polls/src/pages/404.js": {"path":"/Users/macos/Downloads/udacity-employee-polls/src/pages/404.js","statementMap":{"0":{"start":{"line":4,"column":17},"end":{"line":19,"column":1}},"1":{"start":{"line":5,"column":4},"end":{"line":18,"column":6}},"2":{"start":{"line":21,"column":24},"end":{"line":23,"column":2}},"3":{"start":{"line":21,"column":43},"end":{"line":23,"column":1}}},"fnMap":{"0":{"name":"(anonymous_0)","decl":{"start":{"line":4,"column":17},"end":{"line":4,"column":18}},"loc":{"start":{"line":4,"column":24},"end":{"line":19,"column":1}},"line":4},"1":{"name":"(anonymous_1)","decl":{"start":{"line":21,"column":24},"end":{"line":21,"column":25}},"loc":{"start":{"line":21,"column":43},"end":{"line":23,"column":1}},"line":21}},"branchMap":{},"s":{"0":1,"1":0,"2":1,"3":0},"f":{"0":0,"1":0},"b":{},"_coverageSchema":"1a1c01bbd47fc00a2c39e90264f33305004495a9","hash":"d16dbd7d7ee8c7b3ece39dcc9b0904006477e6f1"}
,"/Users/macos/Downloads/udacity-employee-polls/src/pages/Footer.js": {"path":"/Users/macos/Downloads/udacity-employee-polls/src/pages/Footer.js","statementMap":{"0":{"start":{"line":2,"column":15},"end":{"line":10,"column":1}},"1":{"start":{"line":3,"column":4},"end":{"line":9,"column":6}}},"fnMap":{"0":{"name":"(anonymous_0)","decl":{"start":{"line":2,"column":15},"end":{"line":2,"column":16}},"loc":{"start":{"line":2,"column":22},"end":{"line":10,"column":1}},"line":2}},"branchMap":{},"s":{"0":1,"1":3},"f":{"0":3},"b":{},"_coverageSchema":"1a1c01bbd47fc00a2c39e90264f33305004495a9","hash":"8665832e1a5cc0fd7c1c212c7a549316f8b23af7"}
,"/Users/macos/Downloads/udacity-employee-polls/src/pages/Header.js": {"path":"/Users/macos/Downloads/udacity-employee-polls/src/pages/Header.js","statementMap":{"0":{"start":{"line":5,"column":15},"end":{"line":43,"column":1}},"1":{"start":{"line":7,"column":21},"end":{"line":9,"column":5}},"2":{"start":{"line":8,"column":8},"end":{"line":8,"column":33}},"3":{"start":{"line":11,"column":4},"end":{"line":42,"column":6}},"4":{"start":{"line":45,"column":24},"end":{"line":48,"column":2}},"5":{"start":{"line":45,"column":43},"end":{"line":48,"column":1}}},"fnMap":{"0":{"name":"(anonymous_0)","decl":{"start":{"line":5,"column":15},"end":{"line":5,"column":16}},"loc":{"start":{"line":5,"column":56},"end":{"line":43,"column":1}},"line":5},"1":{"name":"(anonymous_1)","decl":{"start":{"line":7,"column":21},"end":{"line":7,"column":22}},"loc":{"start":{"line":7,"column":27},"end":{"line":9,"column":5}},"line":7},"2":{"name":"(anonymous_2)","decl":{"start":{"line":45,"column":24},"end":{"line":45,"column":25}},"loc":{"start":{"line":45,"column":43},"end":{"line":48,"column":1}},"line":45}},"branchMap":{},"s":{"0":2,"1":3,"2":0,"3":3,"4":2,"5":3},"f":{"0":3,"1":0,"2":3},"b":{},"_coverageSchema":"1a1c01bbd47fc00a2c39e90264f33305004495a9","hash":"cf8d800dd900f04a8b48fd36d75af38f7938b629"}
,"/Users/macos/Downloads/udacity-employee-polls/src/pages/Home.js": {"path":"/Users/macos/Downloads/udacity-employee-polls/src/pages/Home.js","statementMap":{"0":{"start":{"line":8,"column":13},"end":{"line":55,"column":1}},"1":{"start":{"line":9,"column":30},"end":{"line":9,"column":43}},"2":{"start":{"line":11,"column":23},"end":{"line":12,"column":61}},"3":{"start":{"line":11,"column":38},"end":{"line":12,"column":60}},"4":{"start":{"line":14,"column":21},"end":{"line":15,"column":60}},"5":{"start":{"line":14,"column":36},"end":{"line":15,"column":59}},"6":{"start":{"line":17,"column":29},"end":{"line":19,"column":11}},"7":{"start":{"line":18,"column":12},"end":{"line":18,"column":31}},"8":{"start":{"line":21,"column":4},"end":{"line":54,"column":6}},"9":{"start":{"line":35,"column":32},"end":{"line":37,"column":37}},"10":{"start":{"line":46,"column":32},"end":{"line":48,"column":37}},"11":{"start":{"line":57,"column":24},"end":{"line":63,"column":2}},"12":{"start":{"line":57,"column":61},"end":{"line":63,"column":1}},"13":{"start":{"line":60,"column":18},"end":{"line":60,"column":43}}},"fnMap":{"0":{"name":"(anonymous_0)","decl":{"start":{"line":8,"column":13},"end":{"line":8,"column":14}},"loc":{"start":{"line":8,"column":49},"end":{"line":55,"column":1}},"line":8},"1":{"name":"(anonymous_1)","decl":{"start":{"line":11,"column":23},"end":{"line":11,"column":24}},"loc":{"start":{"line":11,"column":38},"end":{"line":12,"column":60}},"line":11},"2":{"name":"(anonymous_2)","decl":{"start":{"line":14,"column":21},"end":{"line":14,"column":22}},"loc":{"start":{"line":14,"column":36},"end":{"line":15,"column":59}},"line":14},"3":{"name":"(anonymous_3)","decl":{"start":{"line":17,"column":29},"end":{"line":17,"column":30}},"loc":{"start":{"line":17,"column":50},"end":{"line":19,"column":11}},"line":17},"4":{"name":"(anonymous_4)","decl":{"start":{"line":34,"column":33},"end":{"line":34,"column":34}},"loc":{"start":{"line":35,"column":32},"end":{"line":37,"column":37}},"line":35},"5":{"name":"(anonymous_5)","decl":{"start":{"line":45,"column":33},"end":{"line":45,"column":34}},"loc":{"start":{"line":46,"column":32},"end":{"line":48,"column":37}},"line":46},"6":{"name":"(anonymous_6)","decl":{"start":{"line":57,"column":24},"end":{"line":57,"column":25}},"loc":{"start":{"line":57,"column":61},"end":{"line":63,"column":1}},"line":57},"7":{"name":"(anonymous_7)","decl":{"start":{"line":60,"column":8},"end":{"line":60,"column":9}},"loc":{"start":{"line":60,"column":18},"end":{"line":60,"column":43}},"line":60}},"branchMap":{"0":{"loc":{"start":{"line":11,"column":38},"end":{"line":12,"column":60}},"type":"binary-expr","locations":[{"start":{"line":11,"column":38},"end":{"line":11,"column":87}},{"start":{"line":12,"column":11},"end":{"line":12,"column":60}}],"line":11},"1":{"loc":{"start":{"line":14,"column":36},"end":{"line":15,"column":59}},"type":"binary-expr","locations":[{"start":{"line":14,"column":36},"end":{"line":14,"column":84}},{"start":{"line":15,"column":11},"end":{"line":15,"column":59}}],"line":14}},"s":{"0":1,"1":1,"2":1,"3":0,"4":1,"5":0,"6":1,"7":0,"8":1,"9":0,"10":0,"11":1,"12":1,"13":0},"f":{"0":1,"1":0,"2":0,"3":0,"4":0,"5":0,"6":1,"7":0},"b":{"0":[0,0],"1":[0,0]},"_coverageSchema":"1a1c01bbd47fc00a2c39e90264f33305004495a9","hash":"07dac7bd07151f1a75765b4e7298e27b3981c1fa"}
,"/Users/macos/Downloads/udacity-employee-polls/src/pages/Leaderboard.js": {"path":"/Users/macos/Downloads/udacity-employee-polls/src/pages/Leaderboard.js","statementMap":{"0":{"start":{"line":3,"column":20},"end":{"line":36,"column":1}},"1":{"start":{"line":4,"column":4},"end":{"line":35,"column":6}},"2":{"start":{"line":23,"column":28},"end":{"line":29,"column":33}},"3":{"start":{"line":38,"column":24},"end":{"line":40,"column":2}},"4":{"start":{"line":38,"column":38},"end":{"line":40,"column":1}},"5":{"start":{"line":39,"column":47},"end":{"line":39,"column":108}}},"fnMap":{"0":{"name":"(anonymous_0)","decl":{"start":{"line":3,"column":20},"end":{"line":3,"column":21}},"loc":{"start":{"line":3,"column":33},"end":{"line":36,"column":1}},"line":3},"1":{"name":"(anonymous_1)","decl":{"start":{"line":22,"column":34},"end":{"line":22,"column":35}},"loc":{"start":{"line":23,"column":28},"end":{"line":29,"column":33}},"line":23},"2":{"name":"(anonymous_2)","decl":{"start":{"line":38,"column":24},"end":{"line":38,"column":25}},"loc":{"start":{"line":38,"column":38},"end":{"line":40,"column":1}},"line":38},"3":{"name":"(anonymous_3)","decl":{"start":{"line":39,"column":37},"end":{"line":39,"column":38}},"loc":{"start":{"line":39,"column":47},"end":{"line":39,"column":108}},"line":39}},"branchMap":{},"s":{"0":1,"1":0,"2":0,"3":1,"4":0,"5":0},"f":{"0":0,"1":0,"2":0,"3":0},"b":{},"_coverageSchema":"1a1c01bbd47fc00a2c39e90264f33305004495a9","hash":"bfdb01e6504e3761227a3476d0dc927ca7232b27"}
,"/Users/macos/Downloads/udacity-employee-polls/src/pages/Login.js": {"path":"/Users/macos/Downloads/udacity-employee-polls/src/pages/Login.js","statementMap":{"0":{"start":{"line":6,"column":14},"end":{"line":72,"column":1}},"1":{"start":{"line":7,"column":36},"end":{"line":7,"column":61}},"2":{"start":{"line":8,"column":36},"end":{"line":8,"column":56}},"3":{"start":{"line":10,"column":4},"end":{"line":14,"column":5}},"4":{"start":{"line":11,"column":26},"end":{"line":11,"column":69}},"5":{"start":{"line":12,"column":28},"end":{"line":12,"column":55}},"6":{"start":{"line":13,"column":8},"end":{"line":13,"column":64}},"7":{"start":{"line":16,"column":24},"end":{"line":19,"column":5}},"8":{"start":{"line":17,"column":22},"end":{"line":17,"column":36}},"9":{"start":{"line":18,"column":8},"end":{"line":18,"column":72}},"10":{"start":{"line":21,"column":25},"end":{"line":30,"column":5}},"11":{"start":{"line":22,"column":8},"end":{"line":22,"column":27}},"12":{"start":{"line":23,"column":8},"end":{"line":26,"column":9}},"13":{"start":{"line":24,"column":12},"end":{"line":24,"column":58}},"14":{"start":{"line":25,"column":12},"end":{"line":25,"column":19}},"15":{"start":{"line":27,"column":8},"end":{"line":27,"column":50}},"16":{"start":{"line":28,"column":8},"end":{"line":28,"column":24}},"17":{"start":{"line":29,"column":8},"end":{"line":29,"column":24}},"18":{"start":{"line":32,"column":4},"end":{"line":71,"column":6}},"19":{"start":{"line":45,"column":45},"end":{"line":45,"column":71}},"20":{"start":{"line":59,"column":45},"end":{"line":59,"column":71}},"21":{"start":{"line":74,"column":24},"end":{"line":76,"column":2}},"22":{"start":{"line":74,"column":43},"end":{"line":76,"column":1}}},"fnMap":{"0":{"name":"(anonymous_0)","decl":{"start":{"line":6,"column":14},"end":{"line":6,"column":15}},"loc":{"start":{"line":6,"column":40},"end":{"line":72,"column":1}},"line":6},"1":{"name":"(anonymous_1)","decl":{"start":{"line":16,"column":24},"end":{"line":16,"column":25}},"loc":{"start":{"line":16,"column":39},"end":{"line":19,"column":5}},"line":16},"2":{"name":"(anonymous_2)","decl":{"start":{"line":21,"column":25},"end":{"line":21,"column":26}},"loc":{"start":{"line":21,"column":32},"end":{"line":30,"column":5}},"line":21},"3":{"name":"(anonymous_3)","decl":{"start":{"line":45,"column":38},"end":{"line":45,"column":39}},"loc":{"start":{"line":45,"column":45},"end":{"line":45,"column":71}},"line":45},"4":{"name":"(anonymous_4)","decl":{"start":{"line":59,"column":38},"end":{"line":59,"column":39}},"loc":{"start":{"line":59,"column":45},"end":{"line":59,"column":71}},"line":59},"5":{"name":"(anonymous_5)","decl":{"start":{"line":74,"column":24},"end":{"line":74,"column":25}},"loc":{"start":{"line":74,"column":43},"end":{"line":76,"column":1}},"line":74}},"branchMap":{"0":{"loc":{"start":{"line":10,"column":4},"end":{"line":14,"column":5}},"type":"if","locations":[{"start":{"line":10,"column":4},"end":{"line":14,"column":5}},{"start":{},"end":{}}],"line":10},"1":{"loc":{"start":{"line":13,"column":29},"end":{"line":13,"column":60}},"type":"cond-expr","locations":[{"start":{"line":13,"column":43},"end":{"line":13,"column":54}},{"start":{"line":13,"column":57},"end":{"line":13,"column":60}}],"line":13},"2":{"loc":{"start":{"line":18,"column":8},"end":{"line":18,"column":71}},"type":"cond-expr","locations":[{"start":{"line":18,"column":32},"end":{"line":18,"column":50}},{"start":{"line":18,"column":53},"end":{"line":18,"column":71}}],"line":18},"3":{"loc":{"start":{"line":23,"column":8},"end":{"line":26,"column":9}},"type":"if","locations":[{"start":{"line":23,"column":8},"end":{"line":26,"column":9}},{"start":{},"end":{}}],"line":23},"4":{"loc":{"start":{"line":23,"column":12},"end":{"line":23,"column":35}},"type":"binary-expr","locations":[{"start":{"line":23,"column":12},"end":{"line":23,"column":21}},{"start":{"line":23,"column":26},"end":{"line":23,"column":35}}],"line":23}},"s":{"0":2,"1":8,"2":8,"3":8,"4":1,"5":1,"6":1,"7":7,"8":2,"9":2,"10":7,"11":1,"12":1,"13":0,"14":0,"15":1,"16":1,"17":1,"18":7,"19":1,"20":1,"21":2,"22":5},"f":{"0":8,"1":2,"2":1,"3":1,"4":1,"5":5},"b":{"0":[1,7],"1":[1,0],"2":[1,1],"3":[0,1],"4":[1,1]},"_coverageSchema":"1a1c01bbd47fc00a2c39e90264f33305004495a9","hash":"6da9c01b317a3b0b97848e22811ef6a82c5f604a"}
,"/Users/macos/Downloads/udacity-employee-polls/src/pages/Router.js": {"path":"/Users/macos/Downloads/udacity-employee-polls/src/pages/Router.js","statementMap":{"0":{"start":{"line":4,"column":15},"end":{"line":8,"column":1}},"1":{"start":{"line":5,"column":24},"end":{"line":5,"column":86}},"2":{"start":{"line":7,"column":4},"end":{"line":7,"column":85}},"3":{"start":{"line":10,"column":24},"end":{"line":12,"column":2}},"4":{"start":{"line":10,"column":43},"end":{"line":12,"column":1}}},"fnMap":{"0":{"name":"(anonymous_0)","decl":{"start":{"line":4,"column":15},"end":{"line":4,"column":16}},"loc":{"start":{"line":4,"column":41},"end":{"line":8,"column":1}},"line":4},"1":{"name":"(anonymous_1)","decl":{"start":{"line":10,"column":24},"end":{"line":10,"column":25}},"loc":{"start":{"line":10,"column":43},"end":{"line":12,"column":1}},"line":10}},"branchMap":{"0":{"loc":{"start":{"line":7,"column":11},"end":{"line":7,"column":84}},"type":"cond-expr","locations":[{"start":{"line":7,"column":22},"end":{"line":7,"column":30}},{"start":{"line":7,"column":33},"end":{"line":7,"column":84}}],"line":7}},"s":{"0":1,"1":2,"2":2,"3":1,"4":2},"f":{"0":2,"1":2},"b":{"0":[1,1]},"_coverageSchema":"1a1c01bbd47fc00a2c39e90264f33305004495a9","hash":"34ba92c0db8e0146aaff01f490dbc6d1e6612535"}
,"/Users/macos/Downloads/udacity-employee-polls/src/pages/UserCard.js": {"path":"/Users/macos/Downloads/udacity-employee-polls/src/pages/UserCard.js","statementMap":{"0":{"start":{"line":4,"column":17},"end":{"line":17,"column":1}},"1":{"start":{"line":5,"column":4},"end":{"line":16,"column":6}}},"fnMap":{"0":{"name":"(anonymous_0)","decl":{"start":{"line":4,"column":17},"end":{"line":4,"column":18}},"loc":{"start":{"line":4,"column":41},"end":{"line":17,"column":1}},"line":4}},"branchMap":{},"s":{"0":1,"1":0},"f":{"0":0},"b":{},"_coverageSchema":"1a1c01bbd47fc00a2c39e90264f33305004495a9","hash":"67705647658e443119522d144d2d4bf0ca74ad7d"}
,"/Users/macos/Downloads/udacity-employee-polls/src/pages/polls/NewPoll.js": {"path":"/Users/macos/Downloads/udacity-employee-polls/src/pages/polls/NewPoll.js","statementMap":{"0":{"start":{"line":6,"column":16},"end":{"line":68,"column":1}},"1":{"start":{"line":7,"column":21},"end":{"line":7,"column":34}},"2":{"start":{"line":8,"column":42},"end":{"line":8,"column":54}},"3":{"start":{"line":9,"column":44},"end":{"line":9,"column":56}},"4":{"start":{"line":11,"column":24},"end":{"line":14,"column":5}},"5":{"start":{"line":12,"column":22},"end":{"line":12,"column":45}},"6":{"start":{"line":13,"column":8},"end":{"line":13,"column":73}},"7":{"start":{"line":16,"column":21},"end":{"line":24,"column":5}},"8":{"start":{"line":17,"column":8},"end":{"line":17,"column":27}},"9":{"start":{"line":18,"column":8},"end":{"line":21,"column":9}},"10":{"start":{"line":19,"column":12},"end":{"line":19,"column":63}},"11":{"start":{"line":20,"column":12},"end":{"line":20,"column":19}},"12":{"start":{"line":22,"column":8},"end":{"line":22,"column":63}},"13":{"start":{"line":23,"column":8},"end":{"line":23,"column":41}},"14":{"start":{"line":26,"column":4},"end":{"line":67,"column":6}},"15":{"start":{"line":37,"column":37},"end":{"line":37,"column":56}},"16":{"start":{"line":51,"column":37},"end":{"line":51,"column":56}}},"fnMap":{"0":{"name":"(anonymous_0)","decl":{"start":{"line":6,"column":16},"end":{"line":6,"column":17}},"loc":{"start":{"line":6,"column":32},"end":{"line":68,"column":1}},"line":6},"1":{"name":"(anonymous_1)","decl":{"start":{"line":11,"column":24},"end":{"line":11,"column":25}},"loc":{"start":{"line":11,"column":39},"end":{"line":14,"column":5}},"line":11},"2":{"name":"(anonymous_2)","decl":{"start":{"line":16,"column":21},"end":{"line":16,"column":22}},"loc":{"start":{"line":16,"column":28},"end":{"line":24,"column":5}},"line":16},"3":{"name":"(anonymous_3)","decl":{"start":{"line":37,"column":30},"end":{"line":37,"column":31}},"loc":{"start":{"line":37,"column":37},"end":{"line":37,"column":56}},"line":37},"4":{"name":"(anonymous_4)","decl":{"start":{"line":51,"column":30},"end":{"line":51,"column":31}},"loc":{"start":{"line":51,"column":37},"end":{"line":51,"column":56}},"line":51}},"branchMap":{"0":{"loc":{"start":{"line":12,"column":22},"end":{"line":12,"column":45}},"type":"cond-expr","locations":[{"start":{"line":12,"column":26},"end":{"line":12,"column":40}},{"start":{"line":12,"column":43},"end":{"line":12,"column":45}}],"line":12},"1":{"loc":{"start":{"line":13,"column":8},"end":{"line":13,"column":72}},"type":"cond-expr","locations":[{"start":{"line":13,"column":26},"end":{"line":13,"column":47}},{"start":{"line":13,"column":50},"end":{"line":13,"column":72}}],"line":13},"2":{"loc":{"start":{"line":18,"column":8},"end":{"line":21,"column":9}},"type":"if","locations":[{"start":{"line":18,"column":8},"end":{"line":21,"column":9}},{"start":{},"end":{}}],"line":18},"3":{"loc":{"start":{"line":18,"column":12},"end":{"line":18,"column":41}},"type":"binary-expr","locations":[{"start":{"line":18,"column":12},"end":{"line":18,"column":24}},{"start":{"line":18,"column":28},"end":{"line":18,"column":41}}],"line":18}},"s":{"0":2,"1":4,"2":4,"3":4,"4":4,"5":2,"6":2,"7":4,"8":0,"9":0,"10":0,"11":0,"12":0,"13":0,"14":4,"15":1,"16":1},"f":{"0":4,"1":2,"2":0,"3":1,"4":1},"b":{"0":[2,0],"1":[1,1],"2":[0,0],"3":[0,0]},"_coverageSchema":"1a1c01bbd47fc00a2c39e90264f33305004495a9","hash":"5ddd31c2abcb3520fbe9917f61b2c368d12ed6b4"}
,"/Users/macos/Downloads/udacity-employee-polls/src/pages/polls/PollPage.js": {"path":"/Users/macos/Downloads/udacity-employee-polls/src/pages/polls/PollPage.js","statementMap":{"0":{"start":{"line":6,"column":17},"end":{"line":73,"column":1}},"1":{"start":{"line":7,"column":40},"end":{"line":7,"column":55}},"2":{"start":{"line":8,"column":40},"end":{"line":8,"column":55}},"3":{"start":{"line":9,"column":36},"end":{"line":9,"column":48}},"4":{"start":{"line":10,"column":32},"end":{"line":10,"column":44}},"5":{"start":{"line":11,"column":15},"end":{"line":11,"column":29}},"6":{"start":{"line":12,"column":21},"end":{"line":12,"column":34}},"7":{"start":{"line":14,"column":4},"end":{"line":26,"column":39}},"8":{"start":{"line":15,"column":21},"end":{"line":15,"column":76}},"9":{"start":{"line":15,"column":61},"end":{"line":15,"column":75}},"10":{"start":{"line":16,"column":8},"end":{"line":21,"column":9}},"11":{"start":{"line":17,"column":12},"end":{"line":17,"column":42}},"12":{"start":{"line":18,"column":12},"end":{"line":18,"column":30}},"13":{"start":{"line":19,"column":12},"end":{"line":19,"column":72}},"14":{"start":{"line":20,"column":12},"end":{"line":20,"column":72}},"15":{"start":{"line":22,"column":8},"end":{"line":24,"column":9}},"16":{"start":{"line":23,"column":12},"end":{"line":23,"column":29}},"17":{"start":{"line":28,"column":25},"end":{"line":31,"column":5}},"18":{"start":{"line":29,"column":8},"end":{"line":29,"column":27}},"19":{"start":{"line":30,"column":8},"end":{"line":30,"column":91}},"20":{"start":{"line":33,"column":21},"end":{"line":36,"column":5}},"21":{"start":{"line":34,"column":33},"end":{"line":34,"column":98}},"22":{"start":{"line":35,"column":8},"end":{"line":35,"column":89}},"23":{"start":{"line":38,"column":4},"end":{"line":72,"column":6}},"24":{"start":{"line":53,"column":160},"end":{"line":53,"column":180}},"25":{"start":{"line":62,"column":160},"end":{"line":62,"column":180}},"26":{"start":{"line":75,"column":24},"end":{"line":77,"column":1}},"27":{"start":{"line":76,"column":4},"end":{"line":76,"column":44}}},"fnMap":{"0":{"name":"(anonymous_0)","decl":{"start":{"line":6,"column":17},"end":{"line":6,"column":18}},"loc":{"start":{"line":6,"column":65},"end":{"line":73,"column":1}},"line":6},"1":{"name":"(anonymous_1)","decl":{"start":{"line":14,"column":14},"end":{"line":14,"column":15}},"loc":{"start":{"line":14,"column":20},"end":{"line":26,"column":5}},"line":14},"2":{"name":"(anonymous_2)","decl":{"start":{"line":15,"column":51},"end":{"line":15,"column":52}},"loc":{"start":{"line":15,"column":61},"end":{"line":15,"column":75}},"line":15},"3":{"name":"(anonymous_3)","decl":{"start":{"line":28,"column":25},"end":{"line":28,"column":26}},"loc":{"start":{"line":28,"column":40},"end":{"line":31,"column":5}},"line":28},"4":{"name":"(anonymous_4)","decl":{"start":{"line":33,"column":21},"end":{"line":33,"column":22}},"loc":{"start":{"line":33,"column":43},"end":{"line":36,"column":5}},"line":33},"5":{"name":"(anonymous_5)","decl":{"start":{"line":53,"column":153},"end":{"line":53,"column":154}},"loc":{"start":{"line":53,"column":160},"end":{"line":53,"column":180}},"line":53},"6":{"name":"(anonymous_6)","decl":{"start":{"line":62,"column":153},"end":{"line":62,"column":154}},"loc":{"start":{"line":62,"column":160},"end":{"line":62,"column":180}},"line":62},"7":{"name":"(anonymous_7)","decl":{"start":{"line":75,"column":24},"end":{"line":75,"column":25}},"loc":{"start":{"line":75,"column":62},"end":{"line":77,"column":1}},"line":75}},"branchMap":{"0":{"loc":{"start":{"line":16,"column":8},"end":{"line":21,"column":9}},"type":"if","locations":[{"start":{"line":16,"column":8},"end":{"line":21,"column":9}},{"start":{},"end":{}}],"line":16},"1":{"loc":{"start":{"line":22,"column":8},"end":{"line":24,"column":9}},"type":"if","locations":[{"start":{"line":22,"column":8},"end":{"line":24,"column":9}},{"start":{},"end":{}}],"line":22},"2":{"loc":{"start":{"line":22,"column":12},"end":{"line":22,"column":32}},"type":"binary-expr","locations":[{"start":{"line":22,"column":12},"end":{"line":22,"column":23}},{"start":{"line":22,"column":27},"end":{"line":22,"column":32}}],"line":22},"3":{"loc":{"start":{"line":30,"column":46},"end":{"line":30,"column":88}},"type":"cond-expr","locations":[{"start":{"line":30,"column":63},"end":{"line":30,"column":74}},{"start":{"line":30,"column":77},"end":{"line":30,"column":88}}],"line":30},"4":{"loc":{"start":{"line":40,"column":13},"end":{"line":70,"column":13}},"type":"binary-expr","locations":[{"start":{"line":40,"column":13},"end":{"line":40,"column":21}},{"start":{"line":40,"column":25},"end":{"line":40,"column":31}},{"start":{"line":41,"column":16},"end":{"line":69,"column":22}}],"line":40},"5":{"loc":{"start":{"line":50,"column":40},"end":{"line":50,"column":107}},"type":"cond-expr","locations":[{"start":{"line":50,"column":53},"end":{"line":50,"column":78}},{"start":{"line":50,"column":81},"end":{"line":50,"column":107}}],"line":50},"6":{"loc":{"start":{"line":52,"column":29},"end":{"line":53,"column":196}},"type":"binary-expr","locations":[{"start":{"line":52,"column":29},"end":{"line":52,"column":40}},{"start":{"line":52,"column":44},"end":{"line":52,"column":55}},{"start":{"line":53,"column":32},"end":{"line":53,"column":196}}],"line":52},"7":{"loc":{"start":{"line":55,"column":29},"end":{"line":57,"column":29}},"type":"binary-expr","locations":[{"start":{"line":55,"column":30},"end":{"line":55,"column":40}},{"start":{"line":55,"column":44},"end":{"line":55,"column":54}},{"start":{"line":56,"column":32},"end":{"line":56,"column":150}}],"line":55},"8":{"loc":{"start":{"line":59,"column":40},"end":{"line":59,"column":107}},"type":"cond-expr","locations":[{"start":{"line":59,"column":53},"end":{"line":59,"column":78}},{"start":{"line":59,"column":81},"end":{"line":59,"column":107}}],"line":59},"9":{"loc":{"start":{"line":61,"column":29},"end":{"line":63,"column":29}},"type":"binary-expr","locations":[{"start":{"line":61,"column":29},"end":{"line":61,"column":40}},{"start":{"line":61,"column":44},"end":{"line":61,"column":55}},{"start":{"line":62,"column":32},"end":{"line":62,"column":196}}],"line":61},"10":{"loc":{"start":{"line":64,"column":29},"end":{"line":66,"column":29}},"type":"binary-expr","locations":[{"start":{"line":64,"column":30},"end":{"line":64,"column":40}},{"start":{"line":64,"column":44},"end":{"line":64,"column":54}},{"start":{"line":65,"column":32},"end":{"line":65,"column":150}}],"line":64}},"s":{"0":1,"1":0,"2":0,"3":0,"4":0,"5":0,"6":0,"7":0,"8":0,"9":0,"10":0,"11":0,"12":0,"13":0,"14":0,"15":0,"16":0,"17":0,"18":0,"19":0,"20":0,"21":0,"22":0,"23":0,"24":0,"25":0,"26":1,"27":0},"f":{"0":0,"1":0,"2":0,"3":0,"4":0,"5":0,"6":0,"7":0},"b":{"0":[0,0],"1":[0,0],"2":[0,0],"3":[0,0],"4":[0,0,0],"5":[0,0],"6":[0,0,0],"7":[0,0,0],"8":[0,0],"9":[0,0,0],"10":[0,0,0]},"_coverageSchema":"1a1c01bbd47fc00a2c39e90264f33305004495a9","hash":"930c402d57aaad3d0283f18792a7403fd4a3f846"}
,"/Users/macos/Downloads/udacity-employee-polls/src/service/store.js": {"path":"/Users/macos/Downloads/udacity-employee-polls/src/service/store.js","statementMap":{"0":{"start":{"line":6,"column":21},"end":{"line":12,"column":2}}},"fnMap":{},"branchMap":{},"s":{"0":4},"f":{},"b":{},"_coverageSchema":"1a1c01bbd47fc00a2c39e90264f33305004495a9","hash":"fe0ee1f3967acbc55df5f50cf286e98614d3dade"}
,"/Users/macos/Downloads/udacity-employee-polls/src/service/actions/authed.js": {"path":"/Users/macos/Downloads/udacity-employee-polls/src/service/actions/authed.js","statementMap":{"0":{"start":{"line":1,"column":31},"end":{"line":1,"column":48}},"1":{"start":{"line":2,"column":34},"end":{"line":2,"column":54}},"2":{"start":{"line":5,"column":4},"end":{"line":8,"column":6}},"3":{"start":{"line":12,"column":4},"end":{"line":14,"column":6}},"4":{"start":{"line":18,"column":4},"end":{"line":29,"column":6}},"5":{"start":{"line":19,"column":24},"end":{"line":19,"column":34}},"6":{"start":{"line":21,"column":21},"end":{"line":21,"column":108}},"7":{"start":{"line":21,"column":57},"end":{"line":21,"column":107}},"8":{"start":{"line":23,"column":8},"end":{"line":28,"column":9}},"9":{"start":{"line":24,"column":12},"end":{"line":24,"column":47}},"10":{"start":{"line":27,"column":12},"end":{"line":27,"column":33}},"11":{"start":{"line":33,"column":4},"end":{"line":35,"column":6}},"12":{"start":{"line":34,"column":8},"end":{"line":34,"column":38}}},"fnMap":{"0":{"name":"setAuthUser","decl":{"start":{"line":4,"column":16},"end":{"line":4,"column":27}},"loc":{"start":{"line":4,"column":40},"end":{"line":9,"column":1}},"line":4},"1":{"name":"logOutUser","decl":{"start":{"line":11,"column":16},"end":{"line":11,"column":26}},"loc":{"start":{"line":11,"column":29},"end":{"line":15,"column":1}},"line":11},"2":{"name":"handleLogin","decl":{"start":{"line":17,"column":16},"end":{"line":17,"column":27}},"loc":{"start":{"line":17,"column":48},"end":{"line":30,"column":1}},"line":17},"3":{"name":"(anonymous_3)","decl":{"start":{"line":18,"column":11},"end":{"line":18,"column":12}},"loc":{"start":{"line":18,"column":35},"end":{"line":29,"column":5}},"line":18},"4":{"name":"(anonymous_4)","decl":{"start":{"line":21,"column":47},"end":{"line":21,"column":48}},"loc":{"start":{"line":21,"column":57},"end":{"line":21,"column":107}},"line":21},"5":{"name":"handleLogout","decl":{"start":{"line":32,"column":16},"end":{"line":32,"column":28}},"loc":{"start":{"line":32,"column":31},"end":{"line":36,"column":1}},"line":32},"6":{"name":"(anonymous_6)","decl":{"start":{"line":33,"column":11},"end":{"line":33,"column":12}},"loc":{"start":{"line":33,"column":25},"end":{"line":35,"column":5}},"line":33}},"branchMap":{"0":{"loc":{"start":{"line":21,"column":57},"end":{"line":21,"column":107}},"type":"binary-expr","locations":[{"start":{"line":21,"column":57},"end":{"line":21,"column":77}},{"start":{"line":21,"column":81},"end":{"line":21,"column":107}}],"line":21},"1":{"loc":{"start":{"line":23,"column":8},"end":{"line":28,"column":9}},"type":"if","locations":[{"start":{"line":23,"column":8},"end":{"line":28,"column":9}},{"start":{"line":26,"column":13},"end":{"line":28,"column":9}}],"line":23}},"s":{"0":4,"1":4,"2":3,"3":0,"4":1,"5":1,"6":1,"7":3,"8":1,"9":0,"10":1,"11":0,"12":0},"f":{"0":3,"1":0,"2":1,"3":1,"4":3,"5":0,"6":0},"b":{"0":[3,0],"1":[0,1]},"_coverageSchema":"1a1c01bbd47fc00a2c39e90264f33305004495a9","hash":"03d3b929ebbe345d49c9d3df4d98dfd59ee9ce68"}
,"/Users/macos/Downloads/udacity-employee-polls/src/service/actions/questions.js": {"path":"/Users/macos/Downloads/udacity-employee-polls/src/service/actions/questions.js","statementMap":{"0":{"start":{"line":4,"column":28},"end":{"line":4,"column":42}},"1":{"start":{"line":5,"column":35},"end":{"line":5,"column":56}},"2":{"start":{"line":6,"column":33},"end":{"line":6,"column":52}},"3":{"start":{"line":9,"column":4},"end":{"line":12,"column":6}},"4":{"start":{"line":16,"column":4},"end":{"line":19,"column":6}},"5":{"start":{"line":23,"column":4},"end":{"line":28,"column":6}},"6":{"start":{"line":32,"column":4},"end":{"line":40,"column":6}},"7":{"start":{"line":33,"column":31},"end":{"line":33,"column":41}},"8":{"start":{"line":35,"column":8},"end":{"line":39,"column":14}},"9":{"start":{"line":37,"column":16},"end":{"line":37,"column":40}},"10":{"start":{"line":38,"column":16},"end":{"line":38,"column":51}},"11":{"start":{"line":44,"column":4},"end":{"line":51,"column":6}},"12":{"start":{"line":45,"column":31},"end":{"line":45,"column":41}},"13":{"start":{"line":46,"column":8},"end":{"line":50,"column":15}},"14":{"start":{"line":48,"column":16},"end":{"line":48,"column":67}},"15":{"start":{"line":49,"column":16},"end":{"line":49,"column":75}}},"fnMap":{"0":{"name":"receive","decl":{"start":{"line":8,"column":16},"end":{"line":8,"column":23}},"loc":{"start":{"line":8,"column":35},"end":{"line":13,"column":1}},"line":8},"1":{"name":"add","decl":{"start":{"line":15,"column":9},"end":{"line":15,"column":12}},"loc":{"start":{"line":15,"column":23},"end":{"line":20,"column":1}},"line":15},"2":{"name":"addAQ","decl":{"start":{"line":22,"column":9},"end":{"line":22,"column":14}},"loc":{"start":{"line":22,"column":36},"end":{"line":29,"column":1}},"line":22},"3":{"name":"handleAddQuestion","decl":{"start":{"line":31,"column":16},"end":{"line":31,"column":33}},"loc":{"start":{"line":31,"column":61},"end":{"line":41,"column":1}},"line":31},"4":{"name":"(anonymous_4)","decl":{"start":{"line":32,"column":11},"end":{"line":32,"column":12}},"loc":{"start":{"line":32,"column":35},"end":{"line":40,"column":5}},"line":32},"5":{"name":"(anonymous_5)","decl":{"start":{"line":36,"column":18},"end":{"line":36,"column":19}},"loc":{"start":{"line":36,"column":32},"end":{"line":39,"column":13}},"line":36},"6":{"name":"handleAddAnswer","decl":{"start":{"line":43,"column":16},"end":{"line":43,"column":31}},"loc":{"start":{"line":43,"column":52},"end":{"line":52,"column":1}},"line":43},"7":{"name":"(anonymous_7)","decl":{"start":{"line":44,"column":11},"end":{"line":44,"column":12}},"loc":{"start":{"line":44,"column":35},"end":{"line":51,"column":5}},"line":44},"8":{"name":"(anonymous_8)","decl":{"start":{"line":47,"column":18},"end":{"line":47,"column":19}},"loc":{"start":{"line":47,"column":24},"end":{"line":50,"column":13}},"line":47}},"branchMap":{},"s":{"0":4,"1":4,"2":4,"3":1,"4":0,"5":0,"6":0,"7":0,"8":0,"9":0,"10":0,"11":0,"12":0,"13":0,"14":0,"15":0},"f":{"0":1,"1":0,"2":0,"3":0,"4":0,"5":0,"6":0,"7":0,"8":0},"b":{},"_coverageSchema":"1a1c01bbd47fc00a2c39e90264f33305004495a9","hash":"ce282d104e44e6e481825ded7f9c004b1c4593bc"}
,"/Users/macos/Downloads/udacity-employee-polls/src/service/actions/shared.js": {"path":"/Users/macos/Downloads/udacity-employee-polls/src/service/actions/shared.js","statementMap":{"0":{"start":{"line":6,"column":4},"end":{"line":11,"column":6}},"1":{"start":{"line":7,"column":8},"end":{"line":10,"column":11}},"2":{"start":{"line":8,"column":12},"end":{"line":8,"column":42}},"3":{"start":{"line":9,"column":12},"end":{"line":9,"column":41}}},"fnMap":{"0":{"name":"initialData","decl":{"start":{"line":5,"column":16},"end":{"line":5,"column":27}},"loc":{"start":{"line":5,"column":30},"end":{"line":12,"column":1}},"line":5},"1":{"name":"(anonymous_1)","decl":{"start":{"line":6,"column":11},"end":{"line":6,"column":12}},"loc":{"start":{"line":6,"column":25},"end":{"line":11,"column":5}},"line":6},"2":{"name":"(anonymous_2)","decl":{"start":{"line":7,"column":37},"end":{"line":7,"column":38}},"loc":{"start":{"line":7,"column":61},"end":{"line":10,"column":9}},"line":7}},"branchMap":{},"s":{"0":4,"1":4,"2":1,"3":1},"f":{"0":4,"1":4,"2":1},"b":{},"_coverageSchema":"1a1c01bbd47fc00a2c39e90264f33305004495a9","hash":"a643bc45b00c13b795c3c8166c27e7d5e5bee6be"}
,"/Users/macos/Downloads/udacity-employee-polls/src/service/actions/users.js": {"path":"/Users/macos/Downloads/udacity-employee-polls/src/service/actions/users.js","statementMap":{"0":{"start":{"line":1,"column":29},"end":{"line":1,"column":44}},"1":{"start":{"line":2,"column":31},"end":{"line":2,"column":48}},"2":{"start":{"line":3,"column":33},"end":{"line":3,"column":52}},"3":{"start":{"line":6,"column":4},"end":{"line":9,"column":6}},"4":{"start":{"line":13,"column":4},"end":{"line":18,"column":6}},"5":{"start":{"line":22,"column":4},"end":{"line":26,"column":6}}},"fnMap":{"0":{"name":"receiveUsers","decl":{"start":{"line":5,"column":16},"end":{"line":5,"column":28}},"loc":{"start":{"line":5,"column":36},"end":{"line":10,"column":1}},"line":5},"1":{"name":"addAnswerUser","decl":{"start":{"line":12,"column":16},"end":{"line":12,"column":29}},"loc":{"start":{"line":12,"column":55},"end":{"line":19,"column":1}},"line":12},"2":{"name":"addQuestionUser","decl":{"start":{"line":21,"column":16},"end":{"line":21,"column":31}},"loc":{"start":{"line":21,"column":46},"end":{"line":27,"column":1}},"line":21}},"branchMap":{},"s":{"0":4,"1":4,"2":4,"3":1,"4":0,"5":0},"f":{"0":1,"1":0,"2":0},"b":{},"_coverageSchema":"1a1c01bbd47fc00a2c39e90264f33305004495a9","hash":"2b4cf740914aa707472b23021a63798240aacbd5"}
,"/Users/macos/Downloads/udacity-employee-polls/src/service/reducers/authedUser.js": {"path":"/Users/macos/Downloads/udacity-employee-polls/src/service/reducers/authedUser.js","statementMap":{"0":{"start":{"line":4,"column":2},"end":{"line":11,"column":3}},"1":{"start":{"line":6,"column":6},"end":{"line":6,"column":31}},"2":{"start":{"line":8,"column":6},"end":{"line":8,"column":18}},"3":{"start":{"line":10,"column":6},"end":{"line":10,"column":19}}},"fnMap":{"0":{"name":"authedUser","decl":{"start":{"line":3,"column":24},"end":{"line":3,"column":34}},"loc":{"start":{"line":3,"column":57},"end":{"line":12,"column":1}},"line":3}},"branchMap":{"0":{"loc":{"start":{"line":3,"column":35},"end":{"line":3,"column":47}},"type":"default-arg","locations":[{"start":{"line":3,"column":43},"end":{"line":3,"column":47}}],"line":3},"1":{"loc":{"start":{"line":4,"column":2},"end":{"line":11,"column":3}},"type":"switch","locations":[{"start":{"line":5,"column":4},"end":{"line":6,"column":31}},{"start":{"line":7,"column":4},"end":{"line":8,"column":18}},{"start":{"line":9,"column":4},"end":{"line":10,"column":19}}],"line":4}},"s":{"0":17,"1":3,"2":0,"3":14},"f":{"0":17},"b":{"0":[12],"1":[3,0,14]},"_coverageSchema":"1a1c01bbd47fc00a2c39e90264f33305004495a9","hash":"cfb0e74a2525cd7cf52e66f837a64667b84f1143"}
,"/Users/macos/Downloads/udacity-employee-polls/src/service/reducers/index.js": {"path":"/Users/macos/Downloads/udacity-employee-polls/src/service/reducers/index.js","statementMap":{},"fnMap":{},"branchMap":{},"s":{},"f":{},"b":{}}
,"/Users/macos/Downloads/udacity-employee-polls/src/service/reducers/questions.js": {"path":"/Users/macos/Downloads/udacity-employee-polls/src/service/reducers/questions.js","statementMap":{"0":{"start":{"line":4,"column":2},"end":{"line":28,"column":3}},"1":{"start":{"line":6,"column":6},"end":{"line":9,"column":8}},"2":{"start":{"line":11,"column":6},"end":{"line":14,"column":8}},"3":{"start":{"line":16,"column":6},"end":{"line":25,"column":8}},"4":{"start":{"line":27,"column":6},"end":{"line":27,"column":19}}},"fnMap":{"0":{"name":"questions","decl":{"start":{"line":3,"column":24},"end":{"line":3,"column":33}},"loc":{"start":{"line":3,"column":54},"end":{"line":29,"column":1}},"line":3}},"branchMap":{"0":{"loc":{"start":{"line":3,"column":34},"end":{"line":3,"column":44}},"type":"default-arg","locations":[{"start":{"line":3,"column":42},"end":{"line":3,"column":44}}],"line":3},"1":{"loc":{"start":{"line":4,"column":2},"end":{"line":28,"column":3}},"type":"switch","locations":[{"start":{"line":5,"column":4},"end":{"line":9,"column":8}},{"start":{"line":10,"column":4},"end":{"line":14,"column":8}},{"start":{"line":15,"column":4},"end":{"line":25,"column":8}},{"start":{"line":26,"column":4},"end":{"line":27,"column":19}}],"line":4}},"s":{"0":17,"1":1,"2":0,"3":0,"4":16},"f":{"0":17},"b":{"0":[12],"1":[1,0,0,16]},"_coverageSchema":"1a1c01bbd47fc00a2c39e90264f33305004495a9","hash":"1dbdbff967f66ab56d851945d233f2f5f42399b4"}
,"/Users/macos/Downloads/udacity-employee-polls/src/service/reducers/users.js": {"path":"/Users/macos/Downloads/udacity-employee-polls/src/service/reducers/users.js","statementMap":{"0":{"start":{"line":4,"column":2},"end":{"line":31,"column":3}},"1":{"start":{"line":6,"column":6},"end":{"line":9,"column":8}},"2":{"start":{"line":11,"column":6},"end":{"line":20,"column":8}},"3":{"start":{"line":22,"column":6},"end":{"line":28,"column":8}},"4":{"start":{"line":30,"column":6},"end":{"line":30,"column":19}}},"fnMap":{"0":{"name":"users","decl":{"start":{"line":3,"column":24},"end":{"line":3,"column":29}},"loc":{"start":{"line":3,"column":50},"end":{"line":32,"column":1}},"line":3}},"branchMap":{"0":{"loc":{"start":{"line":3,"column":30},"end":{"line":3,"column":40}},"type":"default-arg","locations":[{"start":{"line":3,"column":38},"end":{"line":3,"column":40}}],"line":3},"1":{"loc":{"start":{"line":4,"column":2},"end":{"line":31,"column":3}},"type":"switch","locations":[{"start":{"line":5,"column":4},"end":{"line":9,"column":8}},{"start":{"line":10,"column":4},"end":{"line":20,"column":8}},{"start":{"line":21,"column":4},"end":{"line":28,"column":8}},{"start":{"line":29,"column":4},"end":{"line":30,"column":19}}],"line":4}},"s":{"0":17,"1":1,"2":0,"3":0,"4":16},"f":{"0":17},"b":{"0":[12],"1":[1,0,0,16]},"_coverageSchema":"1a1c01bbd47fc00a2c39e90264f33305004495a9","hash":"ca750f72a87878d609b135b36492168972577911"}
,"/Users/macos/Downloads/udacity-employee-polls/src/util/_DATA.js": {"path":"/Users/macos/Downloads/udacity-employee-polls/src/util/_DATA.js","statementMap":{"0":{"start":{"line":1,"column":12},"end":{"line":38,"column":1}},"1":{"start":{"line":40,"column":16},"end":{"line":119,"column":1}},"2":{"start":{"line":122,"column":2},"end":{"line":122,"column":98}},"3":{"start":{"line":126,"column":2},"end":{"line":128,"column":4}},"4":{"start":{"line":127,"column":4},"end":{"line":127,"column":47}},"5":{"start":{"line":127,"column":21},"end":{"line":127,"column":40}},"6":{"start":{"line":132,"column":2},"end":{"line":134,"column":4}},"7":{"start":{"line":133,"column":4},"end":{"line":133,"column":51}},"8":{"start":{"line":133,"column":21},"end":{"line":133,"column":44}},"9":{"start":{"line":138,"column":2},"end":{"line":150,"column":3}},"10":{"start":{"line":154,"column":2},"end":{"line":168,"column":4}},"11":{"start":{"line":155,"column":4},"end":{"line":157,"column":5}},"12":{"start":{"line":156,"column":6},"end":{"line":156,"column":72}},"13":{"start":{"line":159,"column":30},"end":{"line":159,"column":54}},"14":{"start":{"line":160,"column":4},"end":{"line":167,"column":12}},"15":{"start":{"line":161,"column":6},"end":{"line":164,"column":7}},"16":{"start":{"line":166,"column":6},"end":{"line":166,"column":32}},"17":{"start":{"line":172,"column":2},"end":{"line":202,"column":4}},"18":{"start":{"line":173,"column":4},"end":{"line":175,"column":5}},"19":{"start":{"line":174,"column":6},"end":{"line":174,"column":48}},"20":{"start":{"line":177,"column":4},"end":{"line":201,"column":11}},"21":{"start":{"line":178,"column":6},"end":{"line":187,"column":7}},"22":{"start":{"line":189,"column":6},"end":{"line":198,"column":7}},"23":{"start":{"line":200,"column":6},"end":{"line":200,"column":19}}},"fnMap":{"0":{"name":"generateUID","decl":{"start":{"line":121,"column":9},"end":{"line":121,"column":20}},"loc":{"start":{"line":121,"column":24},"end":{"line":123,"column":1}},"line":121},"1":{"name":"_getUsers","decl":{"start":{"line":125,"column":16},"end":{"line":125,"column":25}},"loc":{"start":{"line":125,"column":29},"end":{"line":129,"column":1}},"line":125},"2":{"name":"(anonymous_2)","decl":{"start":{"line":126,"column":21},"end":{"line":126,"column":22}},"loc":{"start":{"line":126,"column":34},"end":{"line":128,"column":3}},"line":126},"3":{"name":"(anonymous_3)","decl":{"start":{"line":127,"column":15},"end":{"line":127,"column":16}},"loc":{"start":{"line":127,"column":21},"end":{"line":127,"column":40}},"line":127},"4":{"name":"_getQuestions","decl":{"start":{"line":131,"column":16},"end":{"line":131,"column":29}},"loc":{"start":{"line":131,"column":33},"end":{"line":135,"column":1}},"line":131},"5":{"name":"(anonymous_5)","decl":{"start":{"line":132,"column":21},"end":{"line":132,"column":22}},"loc":{"start":{"line":132,"column":34},"end":{"line":134,"column":3}},"line":132},"6":{"name":"(anonymous_6)","decl":{"start":{"line":133,"column":15},"end":{"line":133,"column":16}},"loc":{"start":{"line":133,"column":21},"end":{"line":133,"column":44}},"line":133},"7":{"name":"formatQuestion","decl":{"start":{"line":137,"column":9},"end":{"line":137,"column":23}},"loc":{"start":{"line":137,"column":67},"end":{"line":151,"column":1}},"line":137},"8":{"name":"_saveQuestion","decl":{"start":{"line":153,"column":16},"end":{"line":153,"column":29}},"loc":{"start":{"line":153,"column":41},"end":{"line":169,"column":1}},"line":153},"9":{"name":"(anonymous_9)","decl":{"start":{"line":154,"column":21},"end":{"line":154,"column":22}},"loc":{"start":{"line":154,"column":42},"end":{"line":168,"column":3}},"line":154},"10":{"name":"(anonymous_10)","decl":{"start":{"line":160,"column":15},"end":{"line":160,"column":16}},"loc":{"start":{"line":160,"column":21},"end":{"line":167,"column":5}},"line":160},"11":{"name":"_saveQuestionAnswer","decl":{"start":{"line":171,"column":16},"end":{"line":171,"column":35}},"loc":{"start":{"line":171,"column":66},"end":{"line":203,"column":1}},"line":171},"12":{"name":"(anonymous_12)","decl":{"start":{"line":172,"column":21},"end":{"line":172,"column":22}},"loc":{"start":{"line":172,"column":42},"end":{"line":202,"column":3}},"line":172},"13":{"name":"(anonymous_13)","decl":{"start":{"line":177,"column":15},"end":{"line":177,"column":16}},"loc":{"start":{"line":177,"column":21},"end":{"line":201,"column":5}},"line":177}},"branchMap":{"0":{"loc":{"start":{"line":155,"column":4},"end":{"line":157,"column":5}},"type":"if","locations":[{"start":{"line":155,"column":4},"end":{"line":157,"column":5}},{"start":{},"end":{}}],"line":155},"1":{"loc":{"start":{"line":155,"column":8},"end":{"line":155,"column":78}},"type":"binary-expr","locations":[{"start":{"line":155,"column":8},"end":{"line":155,"column":31}},{"start":{"line":155,"column":35},"end":{"line":155,"column":58}},{"start":{"line":155,"column":62},"end":{"line":155,"column":78}}],"line":155},"2":{"loc":{"start":{"line":173,"column":4},"end":{"line":175,"column":5}},"type":"if","locations":[{"start":{"line":173,"column":4},"end":{"line":175,"column":5}},{"start":{},"end":{}}],"line":173},"3":{"loc":{"start":{"line":173,"column":8},"end":{"line":173,"column":38}},"type":"binary-expr","locations":[{"start":{"line":173,"column":8},"end":{"line":173,"column":19}},{"start":{"line":173,"column":23},"end":{"line":173,"column":27}},{"start":{"line":173,"column":31},"end":{"line":173,"column":38}}],"line":173}},"s":{"0":5,"1":5,"2":2,"3":4,"4":4,"5":1,"6":4,"7":4,"8":1,"9":2,"10":2,"11":2,"12":1,"13":2,"14":1,"15":1,"16":1,"17":2,"18":2,"19":1,"20":2,"21":1,"22":1,"23":1},"f":{"0":2,"1":4,"2":4,"3":1,"4":4,"5":4,"6":1,"7":2,"8":2,"9":2,"10":1,"11":2,"12":2,"13":1},"b":{"0":[1,1],"1":[2,1,1],"2":[1,1],"3":[2,1,1]},"_coverageSchema":"1a1c01bbd47fc00a2c39e90264f33305004495a9","hash":"2b146ee5df2c4907771315457d83d807e3fd7d47"}
,"/Users/macos/Downloads/udacity-employee-polls/src/util/api.js": {"path":"/Users/macos/Downloads/udacity-employee-polls/src/util/api.js","statementMap":{"0":{"start":{"line":4,"column":4},"end":{"line":10,"column":7}},"1":{"start":{"line":7,"column":37},"end":{"line":10,"column":5}},"2":{"start":{"line":14,"column":4},"end":{"line":14,"column":65}},"3":{"start":{"line":18,"column":4},"end":{"line":22,"column":7}}},"fnMap":{"0":{"name":"getInitialData","decl":{"start":{"line":3,"column":16},"end":{"line":3,"column":30}},"loc":{"start":{"line":3,"column":34},"end":{"line":11,"column":1}},"line":3},"1":{"name":"(anonymous_1)","decl":{"start":{"line":7,"column":12},"end":{"line":7,"column":13}},"loc":{"start":{"line":7,"column":37},"end":{"line":10,"column":5}},"line":7},"2":{"name":"saveQuestion","decl":{"start":{"line":13,"column":16},"end":{"line":13,"column":28}},"loc":{"start":{"line":13,"column":67},"end":{"line":15,"column":1}},"line":13},"3":{"name":"saveQuestionAnswer","decl":{"start":{"line":17,"column":16},"end":{"line":17,"column":34}},"loc":{"start":{"line":17,"column":62},"end":{"line":23,"column":1}},"line":17}},"branchMap":{},"s":{"0":4,"1":1,"2":0,"3":0},"f":{"0":4,"1":1,"2":0,"3":0},"b":{},"_coverageSchema":"1a1c01bbd47fc00a2c39e90264f33305004495a9","hash":"9376b0db9e4846b59e92d160f0e169fe099713d0"}
}
