TN:
SF:src/App.js
FN:16,App
FN:17,(anonymous_1)
FN:37,(anonymous_2)
FNF:3
FNH:3
FNDA:3,App
FNDA:3,(anonymous_1)
FNDA:3,(anonymous_2)
DA:17,3
DA:18,3
DA:21,3
DA:37,3
LF:4
LH:4
BRDA:23,0,0,3
BRDA:23,0,1,1
BRF:2
BRH:2
end_of_record
TN:
SF:src/index.js
FNF:0
FNH:0
DA:9,0
DA:10,0
DA:12,0
LF:3
LH:0
BRF:0
BRH:0
end_of_record
TN:
SF:src/pages/404.js
FN:4,(anonymous_0)
FN:21,(anonymous_1)
FNF:2
FNH:0
FNDA:0,(anonymous_0)
FNDA:0,(anonymous_1)
DA:4,1
DA:5,0
DA:21,1
LF:3
LH:2
BRF:0
BRH:0
end_of_record
TN:
SF:src/pages/Footer.js
FN:2,(anonymous_0)
FNF:1
FNH:1
FNDA:3,(anonymous_0)
DA:2,1
DA:3,3
LF:2
LH:2
BRF:0
BRH:0
end_of_record
TN:
SF:src/pages/Header.js
FN:5,(anonymous_0)
FN:7,(anonymous_1)
FN:45,(anonymous_2)
FNF:3
FNH:2
FNDA:3,(anonymous_0)
FNDA:0,(anonymous_1)
FNDA:3,(anonymous_2)
DA:5,2
DA:7,3
DA:8,0
DA:11,3
DA:45,3
LF:5
LH:4
BRF:0
BRH:0
end_of_record
TN:
SF:src/pages/Home.js
FN:8,(anonymous_0)
FN:11,(anonymous_1)
FN:14,(anonymous_2)
FN:17,(anonymous_3)
FN:34,(anonymous_4)
FN:45,(anonymous_5)
FN:57,(anonymous_6)
FN:60,(anonymous_7)
FNF:8
FNH:2
FNDA:1,(anonymous_0)
FNDA:0,(anonymous_1)
FNDA:0,(anonymous_2)
FNDA:0,(anonymous_3)
FNDA:0,(anonymous_4)
FNDA:0,(anonymous_5)
FNDA:1,(anonymous_6)
FNDA:0,(anonymous_7)
DA:8,1
DA:9,1
DA:11,1
DA:14,1
DA:17,1
DA:18,0
DA:21,1
DA:35,0
DA:46,0
DA:57,1
DA:60,0
LF:11
LH:7
BRDA:11,0,0,0
BRDA:11,0,1,0
BRDA:14,1,0,0
BRDA:14,1,1,0
BRF:4
BRH:0
end_of_record
TN:
SF:src/pages/Leaderboard.js
FN:3,(anonymous_0)
FN:22,(anonymous_1)
FN:38,(anonymous_2)
FN:39,(anonymous_3)
FNF:4
FNH:0
FNDA:0,(anonymous_0)
FNDA:0,(anonymous_1)
FNDA:0,(anonymous_2)
FNDA:0,(anonymous_3)
DA:3,1
DA:4,0
DA:23,0
DA:38,1
DA:39,0
LF:5
LH:2
BRF:0
BRH:0
end_of_record
TN:
SF:src/pages/Login.js
FN:6,(anonymous_0)
FN:16,(anonymous_1)
FN:21,(anonymous_2)
FN:45,(anonymous_3)
FN:59,(anonymous_4)
FN:74,(anonymous_5)
FNF:6
FNH:6
FNDA:8,(anonymous_0)
FNDA:2,(anonymous_1)
FNDA:1,(anonymous_2)
FNDA:1,(anonymous_3)
FNDA:1,(anonymous_4)
FNDA:5,(anonymous_5)
DA:6,2
DA:7,8
DA:8,8
DA:10,8
DA:11,1
DA:12,1
DA:13,1
DA:16,7
DA:17,2
DA:18,2
DA:21,7
DA:22,1
DA:23,1
DA:24,0
DA:25,0
DA:27,1
DA:28,1
DA:29,1
DA:32,7
DA:45,1
DA:59,1
DA:74,5
LF:22
LH:20
BRDA:10,0,0,1
BRDA:10,0,1,7
BRDA:13,1,0,1
BRDA:13,1,1,0
BRDA:18,2,0,1
BRDA:18,2,1,1
BRDA:23,3,0,0
BRDA:23,3,1,1
BRDA:23,4,0,1
BRDA:23,4,1,1
BRF:10
BRH:8
end_of_record
TN:
SF:src/pages/Router.js
FN:4,(anonymous_0)
FN:10,(anonymous_1)
FNF:2
FNH:2
FNDA:2,(anonymous_0)
FNDA:2,(anonymous_1)
DA:4,1
DA:5,2
DA:7,2
DA:10,2
LF:4
LH:4
BRDA:7,0,0,1
BRDA:7,0,1,1
BRF:2
BRH:2
end_of_record
TN:
SF:src/pages/UserCard.js
FN:4,(anonymous_0)
FNF:1
FNH:0
FNDA:0,(anonymous_0)
DA:4,1
DA:5,0
LF:2
LH:1
BRF:0
BRH:0
end_of_record
TN:
SF:src/pages/polls/NewPoll.js
FN:6,(anonymous_0)
FN:11,(anonymous_1)
FN:16,(anonymous_2)
FN:37,(anonymous_3)
FN:51,(anonymous_4)
FNF:5
FNH:4
FNDA:4,(anonymous_0)
FNDA:2,(anonymous_1)
FNDA:0,(anonymous_2)
FNDA:1,(anonymous_3)
FNDA:1,(anonymous_4)
DA:6,2
DA:7,4
DA:8,4
DA:9,4
DA:11,4
DA:12,2
DA:13,2
DA:16,4
DA:17,0
DA:18,0
DA:19,0
DA:20,0
DA:22,0
DA:23,0
DA:26,4
DA:37,1
DA:51,1
LF:17
LH:11
BRDA:12,0,0,2
BRDA:12,0,1,0
BRDA:13,1,0,1
BRDA:13,1,1,1
BRDA:18,2,0,0
BRDA:18,2,1,0
BRDA:18,3,0,0
BRDA:18,3,1,0
BRF:8
BRH:3
end_of_record
TN:
SF:src/pages/polls/PollPage.js
FN:6,(anonymous_0)
FN:14,(anonymous_1)
FN:15,(anonymous_2)
FN:28,(anonymous_3)
FN:33,(anonymous_4)
FN:53,(anonymous_5)
FN:62,(anonymous_6)
FN:75,(anonymous_7)
FNF:8
FNH:0
FNDA:0,(anonymous_0)
FNDA:0,(anonymous_1)
FNDA:0,(anonymous_2)
FNDA:0,(anonymous_3)
FNDA:0,(anonymous_4)
FNDA:0,(anonymous_5)
FNDA:0,(anonymous_6)
FNDA:0,(anonymous_7)
DA:6,1
DA:7,0
DA:8,0
DA:9,0
DA:10,0
DA:11,0
DA:12,0
DA:14,0
DA:15,0
DA:16,0
DA:17,0
DA:18,0
DA:19,0
DA:20,0
DA:22,0
DA:23,0
DA:28,0
DA:29,0
DA:30,0
DA:33,0
DA:34,0
DA:35,0
DA:38,0
DA:53,0
DA:62,0
DA:75,1
DA:76,0
LF:27
LH:2
BRDA:16,0,0,0
BRDA:16,0,1,0
BRDA:22,1,0,0
BRDA:22,1,1,0
BRDA:22,2,0,0
BRDA:22,2,1,0
BRDA:30,3,0,0
BRDA:30,3,1,0
BRDA:40,4,0,0
BRDA:40,4,1,0
BRDA:40,4,2,0
BRDA:50,5,0,0
BRDA:50,5,1,0
BRDA:52,6,0,0
BRDA:52,6,1,0
BRDA:52,6,2,0
BRDA:55,7,0,0
BRDA:55,7,1,0
BRDA:55,7,2,0
BRDA:59,8,0,0
BRDA:59,8,1,0
BRDA:61,9,0,0
BRDA:61,9,1,0
BRDA:61,9,2,0
BRDA:64,10,0,0
BRDA:64,10,1,0
BRDA:64,10,2,0
BRF:27
BRH:0
end_of_record
TN:
SF:src/service/store.js
FNF:0
FNH:0
DA:6,4
LF:1
LH:1
BRF:0
BRH:0
end_of_record
TN:
SF:src/service/actions/authed.js
FN:4,setAuthUser
FN:11,logOutUser
FN:17,handleLogin
FN:18,(anonymous_3)
FN:21,(anonymous_4)
FN:32,handleLogout
FN:33,(anonymous_6)
FNF:7
FNH:4
FNDA:3,setAuthUser
FNDA:0,logOutUser
FNDA:1,handleLogin
FNDA:1,(anonymous_3)
FNDA:3,(anonymous_4)
FNDA:0,handleLogout
FNDA:0,(anonymous_6)
DA:1,4
DA:2,4
DA:5,3
DA:12,0
DA:18,1
DA:19,1
DA:21,3
DA:23,1
DA:24,0
DA:27,1
DA:33,0
DA:34,0
LF:12
LH:8
BRDA:21,0,0,3
BRDA:21,0,1,0
BRDA:23,1,0,0
BRDA:23,1,1,1
BRF:4
BRH:2
end_of_record
TN:
SF:src/service/actions/questions.js
FN:8,receive
FN:15,add
FN:22,addAQ
FN:31,handleAddQuestion
FN:32,(anonymous_4)
FN:36,(anonymous_5)
FN:43,handleAddAnswer
FN:44,(anonymous_7)
FN:47,(anonymous_8)
FNF:9
FNH:1
FNDA:1,receive
FNDA:0,add
FNDA:0,addAQ
FNDA:0,handleAddQuestion
FNDA:0,(anonymous_4)
FNDA:0,(anonymous_5)
FNDA:0,handleAddAnswer
FNDA:0,(anonymous_7)
FNDA:0,(anonymous_8)
DA:4,4
DA:5,4
DA:6,4
DA:9,1
DA:16,0
DA:23,0
DA:32,0
DA:33,0
DA:35,0
DA:37,0
DA:38,0
DA:44,0
DA:45,0
DA:46,0
DA:48,0
DA:49,0
LF:16
LH:4
BRF:0
BRH:0
end_of_record
TN:
SF:src/service/actions/shared.js
FN:5,initialData
FN:6,(anonymous_1)
FN:7,(anonymous_2)
FNF:3
FNH:3
FNDA:4,initialData
FNDA:4,(anonymous_1)
FNDA:1,(anonymous_2)
DA:6,4
DA:7,4
DA:8,1
DA:9,1
LF:4
LH:4
BRF:0
BRH:0
end_of_record
TN:
SF:src/service/actions/users.js
FN:5,receiveUsers
FN:12,addAnswerUser
FN:21,addQuestionUser
FNF:3
FNH:1
FNDA:1,receiveUsers
FNDA:0,addAnswerUser
FNDA:0,addQuestionUser
DA:1,4
DA:2,4
DA:3,4
DA:6,1
DA:13,0
DA:22,0
LF:6
LH:4
BRF:0
BRH:0
end_of_record
TN:
SF:src/service/reducers/authedUser.js
FN:3,authedUser
FNF:1
FNH:1
FNDA:17,authedUser
DA:4,17
DA:6,3
DA:8,0
DA:10,14
LF:4
LH:3
BRDA:3,0,0,12
BRDA:4,1,0,3
BRDA:4,1,1,0
BRDA:4,1,2,14
BRF:4
BRH:3
end_of_record
TN:
SF:src/service/reducers/index.js
FNF:0
FNH:0
LF:0
LH:0
BRF:0
BRH:0
end_of_record
TN:
SF:src/service/reducers/questions.js
FN:3,questions
FNF:1
FNH:1
FNDA:17,questions
DA:4,17
DA:6,1
DA:11,0
DA:16,0
DA:27,16
LF:5
LH:3
BRDA:3,0,0,12
BRDA:4,1,0,1
BRDA:4,1,1,0
BRDA:4,1,2,0
BRDA:4,1,3,16
BRF:5
BRH:3
end_of_record
TN:
SF:src/service/reducers/users.js
FN:3,users
FNF:1
FNH:1
FNDA:17,users
DA:4,17
DA:6,1
DA:11,0
DA:22,0
DA:30,16
LF:5
LH:3
BRDA:3,0,0,12
BRDA:4,1,0,1
BRDA:4,1,1,0
BRDA:4,1,2,0
BRDA:4,1,3,16
BRF:5
BRH:3
end_of_record
TN:
SF:src/util/_DATA.js
FN:121,generateUID
FN:125,_getUsers
FN:126,(anonymous_2)
FN:127,(anonymous_3)
FN:131,_getQuestions
FN:132,(anonymous_5)
FN:133,(anonymous_6)
FN:137,formatQuestion
FN:153,_saveQuestion
FN:154,(anonymous_9)
FN:160,(anonymous_10)
FN:171,_saveQuestionAnswer
FN:172,(anonymous_12)
FN:177,(anonymous_13)
FNF:14
FNH:14
FNDA:2,generateUID
FNDA:4,_getUsers
FNDA:4,(anonymous_2)
FNDA:1,(anonymous_3)
FNDA:4,_getQuestions
FNDA:4,(anonymous_5)
FNDA:1,(anonymous_6)
FNDA:2,formatQuestion
FNDA:2,_saveQuestion
FNDA:2,(anonymous_9)
FNDA:1,(anonymous_10)
FNDA:2,_saveQuestionAnswer
FNDA:2,(anonymous_12)
FNDA:1,(anonymous_13)
DA:1,5
DA:40,5
DA:122,2
DA:126,4
DA:127,4
DA:132,4
DA:133,4
DA:138,2
DA:154,2
DA:155,2
DA:156,1
DA:159,2
DA:160,1
DA:161,1
DA:166,1
DA:172,2
DA:173,2
DA:174,1
DA:177,2
DA:178,1
DA:189,1
DA:200,1
LF:22
LH:22
BRDA:155,0,0,1
BRDA:155,0,1,1
BRDA:155,1,0,2
BRDA:155,1,1,1
BRDA:155,1,2,1
BRDA:173,2,0,1
BRDA:173,2,1,1
BRDA:173,3,0,2
BRDA:173,3,1,1
BRDA:173,3,2,1
BRF:10
BRH:10
end_of_record
TN:
SF:src/util/api.js
FN:3,getInitialData
FN:7,(anonymous_1)
FN:13,saveQuestion
FN:17,saveQuestionAnswer
FNF:4
FNH:2
FNDA:4,getInitialData
FNDA:1,(anonymous_1)
FNDA:0,saveQuestion
FNDA:0,saveQuestionAnswer
DA:4,4
DA:7,1
DA:14,0
DA:18,0
LF:4
LH:2
BRF:0
BRH:0
end_of_record
